<?xml version="1.0" encoding="UTF-8"?>
<!-- Generated by org.testng.reporters.JUnitXMLReporter -->
<testsuite ignored="14" hostname="DESKTOP-ALPJP0F" failures="0" tests="4" name="sanity" time="13.094" errors="0" timestamp="2022-04-26T15:26:34 IST">
  <testcase classname="com.mystore.testcases.LoginPageTest" name="@BeforeMethod setup" time="3.943">
    <failure type="java.lang.NullPointerException" message="Cannot invoke &amp;quot;java.util.Properties.getProperty(String)&amp;quot; because &amp;quot;com.mystore.base.BaseClass.prop&amp;quot; is null">
      <![CDATA[java.lang.NullPointerException: Cannot invoke "java.util.Properties.getProperty(String)" because "com.mystore.base.BaseClass.prop" is null
at com.mystore.base.BaseClass.launchApp(BaseClass.java:71)
at com.mystore.testcases.LoginPageTest.setup(LoginPageTest.java:32)
at java.base/java.util.ArrayList.forEach(ArrayList.java:1511)
... Removed 31 stack frames]]>
    </failure>
  </testcase> <!-- @BeforeMethod setup -->
  <testcase classname="com.mystore.testcases.LoginPageTest" name="@AfterMethod tearDown" time="-1.650966986669E9">
    <skipped/>
  </testcase> <!-- @AfterMethod tearDown -->
  <testcase classname="com.mystore.testcases.LoginPageTest" name="@BeforeMethod setup" time="-1.650966986674E9">
    <skipped/>
  </testcase> <!-- @BeforeMethod setup -->
  <testcase classname="com.mystore.testcases.LoginPageTest" name="@AfterMethod tearDown" time="-1.650966986688E9">
    <skipped/>
  </testcase> <!-- @AfterMethod tearDown -->
  <testcase classname="com.mystore.testcases.AccountCreationTest" name="@BeforeMethod setup" time="2.175">
    <failure type="java.lang.NullPointerException" message="Cannot invoke &amp;quot;java.util.Properties.getProperty(String)&amp;quot; because &amp;quot;com.mystore.base.BaseClass.prop&amp;quot; is null">
      <![CDATA[java.lang.NullPointerException: Cannot invoke "java.util.Properties.getProperty(String)" because "com.mystore.base.BaseClass.prop" is null
at com.mystore.base.BaseClass.launchApp(BaseClass.java:71)
at com.mystore.testcases.AccountCreationTest.setup(AccountCreationTest.java:30)
at java.base/java.util.ArrayList.forEach(ArrayList.java:1511)
... Removed 31 stack frames]]>
    </failure>
  </testcase> <!-- @BeforeMethod setup -->
  <testcase classname="com.mystore.testcases.AccountCreationTest" name="@AfterMethod tearDown" time="-1.650966988883E9">
    <skipped/>
  </testcase> <!-- @AfterMethod tearDown -->
  <testcase classname="com.mystore.testcases.AddToCartTest" name="@BeforeMethod setup" time="5.599">
    <failure type="java.lang.NullPointerException" message="Cannot invoke &amp;quot;java.util.Properties.getProperty(String)&amp;quot; because &amp;quot;com.mystore.base.BaseClass.prop&amp;quot; is null">
      <![CDATA[java.lang.NullPointerException: Cannot invoke "java.util.Properties.getProperty(String)" because "com.mystore.base.BaseClass.prop" is null
at com.mystore.base.BaseClass.launchApp(BaseClass.java:71)
at com.mystore.testcases.AddToCartTest.setup(AddToCartTest.java:31)
at java.base/java.util.ArrayList.forEach(ArrayList.java:1511)
... Removed 31 stack frames]]>
    </failure>
  </testcase> <!-- @BeforeMethod setup -->
  <testcase classname="com.mystore.testcases.AddToCartTest" name="@AfterMethod tearDown" time="-1.650966994502E9">
    <skipped/>
  </testcase> <!-- @AfterMethod tearDown -->
  <testcase classname="com.mystore.testcases.LoginPageTest" name="loginTest" time="0.0">
    <skipped/>
  </testcase> <!-- loginTest -->
  <testcase classname="com.mystore.testcases.LoginPageTest" name="loginTest" time="0.0">
    <skipped/>
  </testcase> <!-- loginTest -->
  <testcase classname="com.mystore.testcases.AccountCreationTest" name="verifyCreateAccountPageTest" time="0.0">
    <skipped/>
  </testcase> <!-- verifyCreateAccountPageTest -->
  <testcase classname="com.mystore.testcases.AddToCartTest" name="addToCartTest" time="0.0">
    <skipped/>
  </testcase> <!-- addToCartTest -->
  <testcase classname="com.mystore.testcases.IndexPageTest" name="verifyLogo" time="0.0">
    <ignored/>
  </testcase> <!-- verifyLogo -->
  <testcase classname="com.mystore.base.BaseClass" name="@BeforeSuite beforeSuit" time="0.0">
    <ignored/>
  </testcase> <!-- @BeforeSuite beforeSuit -->
  <testcase classname="com.mystore.base.BaseClass" name="@BeforeSuite beforeSuit" time="0.0">
    <ignored/>
  </testcase> <!-- @BeforeSuite beforeSuit -->
  <testcase classname="com.mystore.base.BaseClass" name="@BeforeSuite beforeSuit" time="0.0">
    <ignored/>
  </testcase> <!-- @BeforeSuite beforeSuit -->
  <testcase classname="com.mystore.base.BaseClass" name="@BeforeSuite beforeSuit" time="0.0">
    <ignored/>
  </testcase> <!-- @BeforeSuite beforeSuit -->
  <testcase classname="com.mystore.base.BaseClass" name="@BeforeSuite beforeSuit" time="0.0">
    <ignored/>
  </testcase> <!-- @BeforeSuite beforeSuit -->
  <testcase classname="com.mystore.base.BaseClass" name="@BeforeSuite beforeSuit" time="0.0">
    <ignored/>
  </testcase> <!-- @BeforeSuite beforeSuit -->
  <testcase classname="com.mystore.base.BaseClass" name="@BeforeSuite beforeSuit" time="0.0">
    <ignored/>
  </testcase> <!-- @BeforeSuite beforeSuit -->
  <testcase classname="com.mystore.testcases.HomePageTest" name="OrderHistoryandDetailsTest" time="0.0">
    <ignored/>
  </testcase> <!-- OrderHistoryandDetailsTest -->
  <testcase classname="com.mystore.testcases.OrderPageTest" name="verifyTotalPrice" time="0.0">
    <ignored/>
  </testcase> <!-- verifyTotalPrice -->
  <testcase classname="com.mystore.testcases.IndexPageTest" name="verifyTitle" time="0.0">
    <ignored/>
  </testcase> <!-- verifyTitle -->
  <testcase classname="com.mystore.testcases.HomePageTest" name="wishListTest" time="0.0">
    <ignored/>
  </testcase> <!-- wishListTest -->
  <testcase classname="com.mystore.testcases.EndToEndTest" name="endToEndTest" time="0.0">
    <ignored/>
  </testcase> <!-- endToEndTest -->
  <testcase classname="com.mystore.testcases.SearchResultPageTest" name="productAvailibilityTest" time="0.0">
    <ignored/>
  </testcase> <!-- productAvailibilityTest -->
</testsuite> <!-- sanity -->
