<?xml version="1.0" encoding="UTF-8"?>
<testng-results ignored="0" total="2" passed="1" failed="1" skipped="0">
  <reporter-output>
  </reporter-output>
  <suite started-at="2022-04-29T02:01:56 IST" name="Suite" finished-at="2022-04-29T02:02:33 IST" duration-ms="37045">
    <groups>
      <group name="smoke">
        <method signature="LoginPageTest.loginTest(java.lang.String,java.lang.String)[pri:0, instance:com.mystore.testcases.LoginPageTest@5f049ea1]" name="loginTest" class="com.mystore.testcases.LoginPageTest"/>
      </group> <!-- smoke -->
      <group name="sanity">
        <method signature="LoginPageTest.loginTest(java.lang.String,java.lang.String)[pri:0, instance:com.mystore.testcases.LoginPageTest@5f049ea1]" name="loginTest" class="com.mystore.testcases.LoginPageTest"/>
      </group> <!-- sanity -->
    </groups>
    <test started-at="2022-04-29T02:01:56 IST" name="sanity" finished-at="2022-04-29T02:02:33 IST" duration-ms="37045">
      <class name="com.mystore.testcases.LoginPageTest">
        <test-method is-config="true" signature="loadconfig()[pri:0, instance:com.mystore.testcases.LoginPageTest@5f049ea1]" started-at="2022-04-29T02:01:56 IST" name="loadconfig" finished-at="2022-04-29T02:01:56 IST" duration-ms="158" status="PASS">
          <reporter-output>
          </reporter-output>
        </test-method> <!-- loadconfig -->
        <test-method is-config="true" signature="setup(java.lang.String)[pri:0, instance:com.mystore.testcases.LoginPageTest@5f049ea1]" started-at="2022-04-29T02:01:57 IST" name="setup" finished-at="2022-04-29T02:02:09 IST" duration-ms="11956" status="PASS">
          <params>
            <param index="0">
              <value>
                <![CDATA[chrome]]>
              </value>
            </param>
          </params>
          <reporter-output>
          </reporter-output>
        </test-method> <!-- setup -->
        <test-method signature="loginTest(java.lang.String,java.lang.String)[pri:0, instance:com.mystore.testcases.LoginPageTest@5f049ea1]" started-at="2022-04-29T02:02:09 IST" name="loginTest" data-provider="LoginData" finished-at="2022-04-29T02:02:16 IST" duration-ms="6501" status="PASS">
          <params>
            <param index="0">
              <value>
                <![CDATA[admin@xyz.com]]>
              </value>
            </param>
            <param index="1">
              <value>
                <![CDATA[admin@123]]>
              </value>
            </param>
          </params>
          <reporter-output>
          </reporter-output>
        </test-method> <!-- loginTest -->
        <test-method is-config="true" signature="setup(java.lang.String)[pri:0, instance:com.mystore.testcases.LoginPageTest@5f049ea1]" started-at="2022-04-29T02:02:16 IST" name="setup" finished-at="2022-04-29T02:02:28 IST" duration-ms="11674" status="PASS">
          <params>
            <param index="0">
              <value>
                <![CDATA[chrome]]>
              </value>
            </param>
          </params>
          <reporter-output>
          </reporter-output>
        </test-method> <!-- setup -->
        <test-method signature="loginTest(java.lang.String,java.lang.String)[pri:0, instance:com.mystore.testcases.LoginPageTest@5f049ea1]" started-at="2022-04-29T02:02:28 IST" name="loginTest" data-provider="LoginData" finished-at="2022-04-29T02:02:33 IST" duration-ms="5239" status="FAIL">
          <params>
            <param index="0">
              <value>
                <![CDATA[admin@xyz.com]]>
              </value>
            </param>
            <param index="1">
              <value>
                <![CDATA[]]>
              </value>
            </param>
          </params>
          <exception class="java.lang.AssertionError">
            <message>
              <![CDATA[expected [true] but found [false]]]>
            </message>
            <full-stacktrace>
              <![CDATA[java.lang.AssertionError: expected [true] but found [false]
at org.testng.Assert.fail(Assert.java:99)
at org.testng.Assert.failNotEquals(Assert.java:1037)
at org.testng.Assert.assertTrue(Assert.java:45)
at org.testng.Assert.assertTrue(Assert.java:55)
at com.mystore.testcases.LoginPageTest.loginTest(LoginPageTest.java:62)
at java.base/jdk.internal.reflect.NativeMethodAccessorImpl.invoke0(Native Method)
at java.base/jdk.internal.reflect.NativeMethodAccessorImpl.invoke(NativeMethodAccessorImpl.java:78)
at java.base/jdk.internal.reflect.DelegatingMethodAccessorImpl.invoke(DelegatingMethodAccessorImpl.java:43)
at java.base/java.lang.reflect.Method.invoke(Method.java:567)
at org.testng.internal.MethodInvocationHelper.invokeMethod(MethodInvocationHelper.java:133)
at org.testng.internal.TestInvoker.invokeMethod(TestInvoker.java:598)
at org.testng.internal.TestInvoker.invokeTestMethod(TestInvoker.java:173)
at org.testng.internal.MethodRunner.runInSequence(MethodRunner.java:46)
at org.testng.internal.TestInvoker$MethodInvocationAgent.invoke(TestInvoker.java:824)
at org.testng.internal.TestInvoker.invokeTestMethods(TestInvoker.java:146)
at org.testng.internal.TestMethodWorker.invokeTestMethods(TestMethodWorker.java:146)
at org.testng.internal.TestMethodWorker.run(TestMethodWorker.java:128)
at java.base/java.util.ArrayList.forEach(ArrayList.java:1511)
at org.testng.TestRunner.privateRun(TestRunner.java:794)
at org.testng.TestRunner.run(TestRunner.java:596)
at org.testng.SuiteRunner.runTest(SuiteRunner.java:377)
at org.testng.SuiteRunner.runSequentially(SuiteRunner.java:371)
at org.testng.SuiteRunner.privateRun(SuiteRunner.java:332)
at org.testng.SuiteRunner.run(SuiteRunner.java:276)
at org.testng.SuiteRunnerWorker.runSuite(SuiteRunnerWorker.java:53)
at org.testng.SuiteRunnerWorker.run(SuiteRunnerWorker.java:96)
at org.testng.TestNG.runSuitesSequentially(TestNG.java:1212)
at org.testng.TestNG.runSuitesLocally(TestNG.java:1134)
at org.testng.TestNG.runSuites(TestNG.java:1063)
at org.testng.TestNG.run(TestNG.java:1031)
at org.testng.remote.AbstractRemoteTestNG.run(AbstractRemoteTestNG.java:115)
at org.testng.remote.RemoteTestNG.initAndRun(RemoteTestNG.java:251)
at org.testng.remote.RemoteTestNG.main(RemoteTestNG.java:77)
]]>
            </full-stacktrace>
          </exception> <!-- java.lang.AssertionError -->
          <reporter-output>
          </reporter-output>
        </test-method> <!-- loginTest -->
      </class> <!-- com.mystore.testcases.LoginPageTest -->
    </test> <!-- sanity -->
  </suite> <!-- Suite -->
</testng-results>
